<?xml version="1.0" encoding="UTF-8"?>
<!-- Generated by org.testng.reporters.JUnitXMLReporter -->
<testsuite ignored="0" hostname="User-PC" failures="0" tests="2" name="Test-runner-1" time="146.444" errors="0" timestamp="2023-04-08T09:44:31 IST">
  <testcase classname="com.VtigerOrganization.Tests.OrganizationTests" name="contactithOrganizationTest" time="87.567"/>
  <testcase classname="com.VtigerOrganization.Tests.OrganizationTests" name="demo" time="0.003"/>
</testsuite> <!-- Test-runner-1 -->
