<?xml version="1.0" encoding="UTF-8"?>
<!-- Generated by org.testng.reporters.JUnitReportReporter -->
<testsuite hostname="User-PC" failures="0" tests="1" name="com.Vtiger_Practice.ReadDataFromCmdLine" time="0.013" errors="0" timestamp="2023-04-10T11:02:33 IST" skipped="0">
  <testcase classname="com.Vtiger_Practice.ReadDataFromCmdLine" name="test" time="0.013"/>
  <system-out/>
</testsuite> <!-- com.Vtiger_Practice.ReadDataFromCmdLine -->
