<?xml version="1.0" encoding="UTF-8"?>
<!-- Generated by org.testng.reporters.JUnitReportReporter -->
<testsuite hostname="User-PC" failures="0" tests="1" name="com.Vtiger_Practice.Practice" time="1.662" errors="0" timestamp="2023-03-23T12:14:08 IST" skipped="0">
  <testcase classname="com.Vtiger_Practice.Practice" name="practiceTest" time="1.662"/>
  <system-out/>
</testsuite> <!-- com.Vtiger_Practice.Practice -->
