<?xml version="1.0" encoding="UTF-8"?>
<!-- Generated by org.testng.reporters.JUnitReportReporter -->
<testsuite hostname="User-PC" failures="0" tests="4" name="com.VtigerOrganization.Tests.OrganizationTests" time="253.316" errors="0" timestamp="2023-04-08T09:44:32 IST" skipped="0">
  <testcase classname="com.VtigerOrganization.Tests.OrganizationTests" name="contactithOrganizationTest" time="113.018"/>
  <system-out/>
  <testcase classname="com.VtigerOrganization.Tests.OrganizationTests" name="contactithOrganizationTest" time="102.348"/>
  <system-out/>
  <testcase classname="com.VtigerOrganization.Tests.OrganizationTests" name="demo" time="24.545"/>
  <system-out/>
  <testcase classname="com.VtigerOrganization.Tests.OrganizationTests" name="demo" time="13.405"/>
  <system-out/>
</testsuite> <!-- com.VtigerOrganization.Tests.OrganizationTests -->
