<?xml version="1.0" encoding="UTF-8"?>
<!-- Generated by org.testng.reporters.JUnitReportReporter -->
<testsuite hostname="User-PC" failures="0" tests="2" name="com.Vtiger_Practice.AssertionPractice" time="0.049" errors="0" timestamp="2023-04-10T12:06:28 IST" skipped="0">
  <testcase classname="com.Vtiger_Practice.AssertionPractice" name="practice1" time="0.015"/>
  <system-out/>
  <testcase classname="com.Vtiger_Practice.AssertionPractice" name="practice" time="0.034"/>
  <system-out/>
</testsuite> <!-- com.Vtiger_Practice.AssertionPractice -->
