<?xml version="1.0" encoding="UTF-8"?>
<!-- Generated by org.testng.reporters.JUnitReportReporter -->
<testsuite hostname="User-PC" failures="0" tests="4" name="com.Vtiger_Practice.DataProviderPractice" time="0.008" errors="0" timestamp="2023-04-18T12:31:38 IST" skipped="0">
  <testcase classname="com.Vtiger_Practice.DataProviderPractice" name="DumpToCart" time="0.002"/>
  <system-out/>
  <testcase classname="com.Vtiger_Practice.DataProviderPractice" name="addtoCart" time="0.002"/>
  <system-out/>
  <testcase classname="com.Vtiger_Practice.DataProviderPractice" name="DumpToCart" time="0.002"/>
  <system-out/>
  <testcase classname="com.Vtiger_Practice.DataProviderPractice" name="addtoCart" time="0.002"/>
  <system-out/>
</testsuite> <!-- com.Vtiger_Practice.DataProviderPractice -->
