<?xml version="1.0" encoding="UTF-8"?>
<!-- Generated by org.testng.reporters.JUnitReportReporter -->
<testsuite hostname="User-PC" failures="0" tests="1" name="com.VtigerOrganization.Tests.OrganizationTest" time="8.680" errors="0" timestamp="2023-04-18T12:39:29 IST" skipped="0">
  <testcase classname="com.VtigerOrganization.Tests.OrganizationTest" name="demo" time="8.680"/>
  <system-out/>
</testsuite> <!-- com.VtigerOrganization.Tests.OrganizationTest -->
