<?xml version="1.0" encoding="UTF-8"?>
<!-- Generated by org.testng.reporters.JUnitReportReporter -->
<testsuite hostname="User-PC" failures="0" tests="1" name="com.VtigerOrganization.Tests.OrganizationTest" time="96.733" errors="0" timestamp="2023-04-15T15:30:38 IST" skipped="0">
  <testcase classname="com.VtigerOrganization.Tests.OrganizationTest" name="contactithOrganizationTest" time="96.733"/>
  <system-out/>
</testsuite> <!-- com.VtigerOrganization.Tests.OrganizationTest -->
