<?xml version="1.0" encoding="UTF-8"?>
<!-- Generated by org.testng.reporters.JUnitReportReporter -->
<testsuite hostname="User-PC" failures="0" tests="2" name="com.Vtiger_Practice.AssertionPractice" time="0.056" errors="0" timestamp="2023-04-18T12:31:38 IST" skipped="0">
  <testcase classname="com.Vtiger_Practice.AssertionPractice" name="practice" time="0.018"/>
  <system-out/>
  <testcase classname="com.Vtiger_Practice.AssertionPractice" name="practice1" time="0.038"/>
  <system-out/>
</testsuite> <!-- com.Vtiger_Practice.AssertionPractice -->
