<?xml version="1.0" encoding="UTF-8"?>
<!-- Generated by org.testng.reporters.JUnitReportReporter -->
<testsuite hostname="User-PC" failures="0" tests="4" name="com.Vtiger_Practice.DataProviderPractice" time="0.022" errors="0" timestamp="2023-04-10T12:06:16 IST" skipped="0">
  <testcase classname="com.Vtiger_Practice.DataProviderPractice" name="DumpToCart" time="0.014"/>
  <system-out/>
  <testcase classname="com.Vtiger_Practice.DataProviderPractice" name="addtoCart" time="0.003"/>
  <system-out/>
  <testcase classname="com.Vtiger_Practice.DataProviderPractice" name="DumpToCart" time="0.003"/>
  <system-out/>
  <testcase classname="com.Vtiger_Practice.DataProviderPractice" name="addtoCart" time="0.002"/>
  <system-out/>
</testsuite> <!-- com.Vtiger_Practice.DataProviderPractice -->
